wizFlow/build/outputs/logs/manifest-merger-play-release-report.txt
-- Merging decision tree log ---
manifest
ADDED from src\main\AndroidManifest.xml:3:1-276:12
INJECTED from src\main\AndroidManifest.xml:3:1-276:12
INJECTED from src\main\AndroidManifest.xml:3:1-276:12
INJECTED from src\main\AndroidManifest.xml:3:1-276:12
MERGED from [be.billington.calendar.recurrencepicker:library:1.1.1] AndroidManifest.xml:2:1-7:12
MERGED from [com.github.flavienlaurent.datetimepicker:library:0.0.2] AndroidManifest.xml:1:115-5:12
MERGED from [com.larswerkman:HoloColorPicker:1.4] AndroidManifest.xml:1:68-5:12
MERGED from [de.keyboardsurfer.android.widget:crouton:1.8.4] AndroidManifest.xml:15:116-18:12
MERGED from [ch.acra:acra:4.8.5] AndroidManifest.xml:10:6-44:12
MERGED from [com.github.gabrielemariotti.changeloglib:changelog:2.0.0] AndroidManifest.xml:2:1-13:12
MERGED from [com.android.support:design:23.4.0] AndroidManifest.xml:17:1-24:12
MERGED from [com.github.afollestad.material-dialogs:commons:0.8.5.6] AndroidManifest.xml:2:1-14:12
MERGED from [com.github.afollestad.material-dialogs:core:0.8.5.6] AndroidManifest.xml:2:1-15:12
MERGED from [com.pnikosis:materialish-progress:1.5] AndroidManifest.xml:2:1-13:12
MERGED from [me.zhanghai.android.materialprogressbar:library:1.1.4] AndroidManifest.xml:6:1-15:12
MERGED from [com.android.support:appcompat-v7:23.4.0] AndroidManifest.xml:17:1-27:12
MERGED from [com.android.support:multidex:1.0.1] AndroidManifest.xml:16:1-19:12
MERGED from [com.pushbullet:android-extensions:1.0.4] AndroidManifest.xml:2:1-11:12
MERGED from [com.getbase:floatingactionbutton:1.10.1] AndroidManifest.xml:2:1-14:12
MERGED from [com.nhaarman.listviewanimations:lib-core:3.1.0] AndroidManifest.xml:17:1-29:12
MERGED from [com.nhaarman.listviewanimations:lib-manipulation:3.1.0] AndroidManifest.xml:17:1-31:12
MERGED from [com.github.federicoiosue:SimpleGallery:2.0.0] AndroidManifest.xml:2:1-17:12
MERGED from [com.jakewharton:butterknife:8.5.1] AndroidManifest.xml:2:1-7:12
MERGED from [com.github.paolorotolo:appintro:1.3.0] AndroidManifest.xml:2:1-11:12
MERGED from [io.reactivex:rxandroid:1.0.1] AndroidManifest.xml:15:1-21:12
MERGED from [com.artemzin.rxjava:proguard-rules:1.0.14.2] AndroidManifest.xml:2:1-10:12
MERGED from [com.tbruyelle.rxpermissions:rxpermissions:0.4.2] AndroidManifest.xml:2:1-17:12
MERGED from [com.github.federicoiosue:checklistview:3.2.1] AndroidManifest.xml:2:1-13:12
MERGED from [com.github.federicoiosue:pixlui:2.6] AndroidManifest.xml:2:1-11:12
MERGED from [com.android.support:recyclerview-v7:23.4.0] AndroidManifest.xml:17:1-22:12
MERGED from [com.android.support:animated-vector-drawable:23.4.0] AndroidManifest.xml:2:1-9:12
MERGED from [com.android.support:support-vector-drawable:23.4.0] AndroidManifest.xml:2:1-9:12
MERGED from [com.google.android.gms:play-services-analytics:9.0.2] AndroidManifest.xml:16:1-28:12
MERGED from [io.nlopez.smartlocation:library:3.2.4] AndroidManifest.xml:2:1-35:12
MERGED from [com.google.android.gms:play-services-location:9.0.2] AndroidManifest.xml:16:1-20:12
MERGED from [com.google.android.gms:play-services-analytics-impl:9.0.2] AndroidManifest.xml:16:1-28:12
MERGED from [com.google.android.gms:play-services-maps:9.0.2] AndroidManifest.xml:16:1-28:12
MERGED from [com.google.android.gms:play-services-base:9.0.2] AndroidManifest.xml:16:1-24:12
MERGED from [com.google.firebase:firebase-common:9.0.2] AndroidManifest.xml:2:1-13:12
MERGED from [com.google.android.gms:play-services-tasks:9.0.2] AndroidManifest.xml:2:1-6:12
MERGED from [com.google.android.gms:play-services-basement:9.0.2] AndroidManifest.xml:16:1-26:12
MERGED from [com.android.support:support-v4:23.4.0] AndroidManifest.xml:17:1-24:12
MERGED from [com.github.federicoiosue:analitica:0.0.3] AndroidManifest.xml:2:1-14:12
MERGED from [com.squareup.leakcanary:leakcanary-android-no-op:1.5] AndroidManifest.xml:17:1-24:12
INJECTED from src\main\AndroidManifest.xml:3:1-276:12
INJECTED from src\main\AndroidManifest.xml:3:1-276:12
INJECTED from src\main\AndroidManifest.xml:3:1-276:12
	package
		ADDED from src\main\AndroidManifest.xml:5:5-47
		INJECTED from src\main\AndroidManifest.xml
		INJECTED from src\main\AndroidManifest.xml
	android:versionName
		INJECTED from src\main\AndroidManifest.xml
		ADDED from src\main\AndroidManifest.xml:3:1-276:12
		INJECTED from src\main\AndroidManifest.xml
	xmlns:tools
		ADDED from src\main\AndroidManifest.xml:4:5-51
	android:versionCode
		INJECTED from src\main\AndroidManifest.xml
		ADDED from src\main\AndroidManifest.xml:3:1-276:12
		INJECTED from src\main\AndroidManifest.xml
	xmlns:android
		ADDED from src\main\AndroidManifest.xml:3:11-69
uses-permission#android.permission.INTERNET
ADDED from src\main\AndroidManifest.xml:8:5-67
MERGED from [com.google.android.gms:play-services-analytics:9.0.2] AndroidManifest.xml:21:5-67
MERGED from [com.google.android.gms:play-services-analytics:9.0.2] AndroidManifest.xml:21:5-67
MERGED from [com.google.android.gms:play-services-analytics-impl:9.0.2] AndroidManifest.xml:21:5-67
MERGED from [com.google.android.gms:play-services-analytics-impl:9.0.2] AndroidManifest.xml:21:5-67
MERGED from [com.google.android.gms:play-services-maps:9.0.2] AndroidManifest.xml:21:5-66
MERGED from [com.google.android.gms:play-services-maps:9.0.2] AndroidManifest.xml:21:5-66
MERGED from [com.github.federicoiosue:analitica:0.0.3] AndroidManifest.xml:11:5-67
MERGED from [com.github.federicoiosue:analitica:0.0.3] AndroidManifest.xml:11:5-67
	android:name
		ADDED from src\main\AndroidManifest.xml:8:22-64
uses-permission#android.permission.ACCESS_COARSE_LOCATION
ADDED from src\main\AndroidManifest.xml:9:5-81
MERGED from [io.nlopez.smartlocation:library:3.2.4] AndroidManifest.xml:12:5-81
MERGED from [io.nlopez.smartlocation:library:3.2.4] AndroidManifest.xml:12:5-81
	android:name
		ADDED from src\main\AndroidManifest.xml:9:22-78
uses-permission#android.permission.ACCESS_FINE_LOCATION
ADDED from src\main\AndroidManifest.xml:10:5-79
MERGED from [io.nlopez.smartlocation:library:3.2.4] AndroidManifest.xml:14:5-79
MERGED from [io.nlopez.smartlocation:library:3.2.4] AndroidManifest.xml:14:5-79
	android:name
		ADDED from src\main\AndroidManifest.xml:10:22-76
uses-permission#android.permission.ACCESS_NETWORK_STATE
ADDED from src\main\AndroidManifest.xml:11:5-79
MERGED from [com.google.android.gms:play-services-analytics:9.0.2] AndroidManifest.xml:22:5-79
MERGED from [com.google.android.gms:play-services-analytics:9.0.2] AndroidManifest.xml:22:5-79
MERGED from [io.nlopez.smartlocation:library:3.2.4] AndroidManifest.xml:13:5-79
MERGED from [io.nlopez.smartlocation:library:3.2.4] AndroidManifest.xml:13:5-79
MERGED from [com.google.android.gms:play-services-analytics-impl:9.0.2] AndroidManifest.xml:22:5-79
MERGED from [com.google.android.gms:play-services-analytics-impl:9.0.2] AndroidManifest.xml:22:5-79
MERGED from [com.google.android.gms:play-services-maps:9.0.2] AndroidManifest.xml:20:5-78
MERGED from [com.google.android.gms:play-services-maps:9.0.2] AndroidManifest.xml:20:5-78
MERGED from [com.github.federicoiosue:analitica:0.0.3] AndroidManifest.xml:12:5-79
MERGED from [com.github.federicoiosue:analitica:0.0.3] AndroidManifest.xml:12:5-79
	android:name
		ADDED from src\main\AndroidManifest.xml:11:22-76
uses-permission#android.permission.WRITE_EXTERNAL_STORAGE
ADDED from src\main\AndroidManifest.xml:12:5-81
	android:name
		ADDED from src\main\AndroidManifest.xml:12:22-78
uses-permission#android.permission.VIBRATE
ADDED from src\main\AndroidManifest.xml:13:5-66
MERGED from [be.billington.calendar.recurrencepicker:library:1.1.1] AndroidManifest.xml:6:5-65
MERGED from [be.billington.calendar.recurrencepicker:library:1.1.1] AndroidManifest.xml:6:5-65
MERGED from [com.github.federicoiosue:checklistview:3.2.1] AndroidManifest.xml:11:5-66
MERGED from [com.github.federicoiosue:checklistview:3.2.1] AndroidManifest.xml:11:5-66
	android:name
		ADDED from src\main\AndroidManifest.xml:13:22-63
uses-permission#android.permission.RECEIVE_BOOT_COMPLETED
ADDED from src\main\AndroidManifest.xml:14:5-81
	android:name
		ADDED from src\main\AndroidManifest.xml:14:22-78
uses-permission#android.permission.RECORD_AUDIO
ADDED from src\main\AndroidManifest.xml:15:5-71
	android:name
		ADDED from src\main\AndroidManifest.xml:15:22-68
uses-permission#android.permission.READ_EXTERNAL_STORAGE
ADDED from src\main\AndroidManifest.xml:16:5-80
	android:name
		ADDED from src\main\AndroidManifest.xml:16:22-77
uses-permission#com.android.alarm.permission.SET_ALARM
ADDED from src\main\AndroidManifest.xml:17:5-78
	android:name
		ADDED from src\main\AndroidManifest.xml:17:22-75
uses-permission#com.google.android.apps.photos.permission.GOOGLE_PHOTOS
ADDED from src\main\AndroidManifest.xml:18:5-95
	android:name
		ADDED from src\main\AndroidManifest.xml:18:22-92
uses-permission#com.android.launcher.permission.INSTALL_SHORTCUT
ADDED from src\main\AndroidManifest.xml:19:5-88
	android:name
		ADDED from src\main\AndroidManifest.xml:19:22-85
uses-permission#com.android.launcher.permission.UNINSTALL_SHORTCUT
ADDED from src\main\AndroidManifest.xml:20:5-90
	android:name
		ADDED from src\main\AndroidManifest.xml:20:22-87
uses-permission#android.permission.MANAGE_DOCUMENTS
ADDED from src\main\AndroidManifest.xml:21:5-75
	android:name
		ADDED from src\main\AndroidManifest.xml:21:22-72
uses-permission#com.pushbullet.android.permission.READ_MESSAGING_EXTENSION_DATA
ADDED from src\main\AndroidManifest.xml:22:5-103
	android:name
		ADDED from src\main\AndroidManifest.xml:22:22-100
uses-permission#com.pushbullet.android.permission.SEND_MESSAGES
ADDED from src\main\AndroidManifest.xml:23:5-87
	android:name
		ADDED from src\main\AndroidManifest.xml:23:22-84
uses-feature#android.hardware.camera
ADDED from src\main\AndroidManifest.xml:25:5-27:36
	android:required
		ADDED from src\main\AndroidManifest.xml:27:9-33
	android:name
		ADDED from src\main\AndroidManifest.xml:26:9-47
uses-feature#android.hardware.location.gps
ADDED from src\main\AndroidManifest.xml:28:5-30:36
	android:required
		ADDED from src\main\AndroidManifest.xml:30:9-33
	android:name
		ADDED from src\main\AndroidManifest.xml:29:9-53
application
ADDED from src\main\AndroidManifest.xml:32:5-274:19
MERGED from [ch.acra:acra:4.8.5] AndroidManifest.xml:39:5-43:19
MERGED from [ch.acra:acra:4.8.5] AndroidManifest.xml:39:5-43:19
MERGED from [com.github.gabrielemariotti.changeloglib:changelog:2.0.0] AndroidManifest.xml:11:5-20
MERGED from [com.github.gabrielemariotti.changeloglib:changelog:2.0.0] AndroidManifest.xml:11:5-20
MERGED from [com.android.support:design:23.4.0] AndroidManifest.xml:22:5-20
MERGED from [com.android.support:design:23.4.0] AndroidManifest.xml:22:5-20
MERGED from [com.github.afollestad.material-dialogs:commons:0.8.5.6] AndroidManifest.xml:12:5-20
MERGED from [com.github.afollestad.material-dialogs:commons:0.8.5.6] AndroidManifest.xml:12:5-20
MERGED from [com.github.afollestad.material-dialogs:core:0.8.5.6] AndroidManifest.xml:13:5-20
MERGED from [com.github.afollestad.material-dialogs:core:0.8.5.6] AndroidManifest.xml:13:5-20
MERGED from [com.pnikosis:materialish-progress:1.5] AndroidManifest.xml:11:5-20
MERGED from [com.pnikosis:materialish-progress:1.5] AndroidManifest.xml:11:5-20
MERGED from [com.android.support:appcompat-v7:23.4.0] AndroidManifest.xml:25:5-20
MERGED from [com.android.support:appcompat-v7:23.4.0] AndroidManifest.xml:25:5-20
MERGED from [com.pushbullet:android-extensions:1.0.4] AndroidManifest.xml:9:5-20
MERGED from [com.pushbullet:android-extensions:1.0.4] AndroidManifest.xml:9:5-20
MERGED from [com.getbase:floatingactionbutton:1.10.1] AndroidManifest.xml:12:5-20
MERGED from [com.getbase:floatingactionbutton:1.10.1] AndroidManifest.xml:12:5-20
MERGED from [com.nhaarman.listviewanimations:lib-core:3.1.0] AndroidManifest.xml:26:5-27:19
MERGED from [com.nhaarman.listviewanimations:lib-core:3.1.0] AndroidManifest.xml:26:5-27:19
MERGED from [com.nhaarman.listviewanimations:lib-manipulation:3.1.0] AndroidManifest.xml:26:5-29:19
MERGED from [com.nhaarman.listviewanimations:lib-manipulation:3.1.0] AndroidManifest.xml:26:5-29:19
MERGED from [com.github.federicoiosue:SimpleGallery:2.0.0] AndroidManifest.xml:11:5-15:19
MERGED from [com.github.federicoiosue:SimpleGallery:2.0.0] AndroidManifest.xml:11:5-15:19
MERGED from [com.tbruyelle.rxpermissions:rxpermissions:0.4.2] AndroidManifest.xml:10:5-15:19
MERGED from [com.tbruyelle.rxpermissions:rxpermissions:0.4.2] AndroidManifest.xml:10:5-15:19
MERGED from [com.android.support:animated-vector-drawable:23.4.0] AndroidManifest.xml:7:5-20
MERGED from [com.android.support:animated-vector-drawable:23.4.0] AndroidManifest.xml:7:5-20
MERGED from [com.android.support:support-vector-drawable:23.4.0] AndroidManifest.xml:7:5-20
MERGED from [com.android.support:support-vector-drawable:23.4.0] AndroidManifest.xml:7:5-20
MERGED from [com.google.android.gms:play-services-analytics:9.0.2] AndroidManifest.xml:27:5-20
MERGED from [com.google.android.gms:play-services-analytics:9.0.2] AndroidManifest.xml:27:5-20
MERGED from [io.nlopez.smartlocation:library:3.2.4] AndroidManifest.xml:18:5-33:19
MERGED from [io.nlopez.smartlocation:library:3.2.4] AndroidManifest.xml:18:5-33:19
MERGED from [com.google.android.gms:play-services-location:9.0.2] AndroidManifest.xml:19:5-20
MERGED from [com.google.android.gms:play-services-location:9.0.2] AndroidManifest.xml:19:5-20
MERGED from [com.google.android.gms:play-services-analytics-impl:9.0.2] AndroidManifest.xml:27:5-20
MERGED from [com.google.android.gms:play-services-analytics-impl:9.0.2] AndroidManifest.xml:27:5-20
MERGED from [com.google.android.gms:play-services-maps:9.0.2] AndroidManifest.xml:27:5-20
MERGED from [com.google.android.gms:play-services-maps:9.0.2] AndroidManifest.xml:27:5-20
MERGED from [com.google.android.gms:play-services-base:9.0.2] AndroidManifest.xml:19:5-23:19
MERGED from [com.google.android.gms:play-services-base:9.0.2] AndroidManifest.xml:19:5-23:19
MERGED from [com.google.firebase:firebase-common:9.0.2] AndroidManifest.xml:5:5-12:19
MERGED from [com.google.firebase:firebase-common:9.0.2] AndroidManifest.xml:5:5-12:19
MERGED from [com.google.android.gms:play-services-tasks:9.0.2] AndroidManifest.xml:5:5-20
MERGED from [com.google.android.gms:play-services-tasks:9.0.2] AndroidManifest.xml:5:5-20
MERGED from [com.google.android.gms:play-services-basement:9.0.2] AndroidManifest.xml:20:5-24:19
MERGED from [com.google.android.gms:play-services-basement:9.0.2] AndroidManifest.xml:20:5-24:19
MERGED from [com.android.support:support-v4:23.4.0] AndroidManifest.xml:22:5-20
MERGED from [com.android.support:support-v4:23.4.0] AndroidManifest.xml:22:5-20
	android:supportsRtl
		ADDED from src\main\AndroidManifest.xml:38:9-35
	android:label
		ADDED from src\main\AndroidManifest.xml:36:9-41
	android:largeHeap
		ADDED from src\main\AndroidManifest.xml:37:9-33
	android:icon
		ADDED from src\main\AndroidManifest.xml:35:9-43
	android:allowBackup
		ADDED from src\main\AndroidManifest.xml:34:9-35
	android:theme
		ADDED from src\main\AndroidManifest.xml:39:9-58
		REJECTED from [com.github.federicoiosue:SimpleGallery:2.0.0] AndroidManifest.xml:14:9-40
	tools:replace
		ADDED from src\main\AndroidManifest.xml:40:9-38
	android:name
		ADDED from src\main\AndroidManifest.xml:33:9-64
meta-data#android.app.default_searchable
ADDED from src\main\AndroidManifest.xml:41:9-43:45
	android:value
		ADDED from src\main\AndroidManifest.xml:43:13-42
	android:name
		ADDED from src\main\AndroidManifest.xml:42:13-58
meta-data#com.google.android.gms.version
ADDED from src\main\AndroidManifest.xml:44:9-47:45
MERGED from [io.nlopez.smartlocation:library:3.2.4] AndroidManifest.xml:29:9-32:45
MERGED from [io.nlopez.smartlocation:library:3.2.4] AndroidManifest.xml:29:9-32:45
MERGED from [com.google.android.gms:play-services-basement:9.0.2] AndroidManifest.xml:21:9-23:69
MERGED from [com.google.android.gms:play-services-basement:9.0.2] AndroidManifest.xml:21:9-23:69
	tools:replace
		ADDED from src\main\AndroidManifest.xml:47:13-42
	android:value
		ADDED from src\main\AndroidManifest.xml:46:13-66
		REJECTED from [io.nlopez.smartlocation:library:3.2.4] AndroidManifest.xml:31:13-36
		REJECTED from [com.google.android.gms:play-services-basement:9.0.2] AndroidManifest.xml:23:13-66
	android:name
		ADDED from src\main\AndroidManifest.xml:45:13-58
activity#developer.elkane.udacity.wizflow.MainActivity
ADDED from src\main\AndroidManifest.xml:50:9-99:20
	android:label
		ADDED from src\main\AndroidManifest.xml:53:13-45
	android:launchMode
		ADDED from src\main\AndroidManifest.xml:54:13-43
	android:exported
		ADDED from src\main\AndroidManifest.xml:52:13-36
	android:name
		ADDED from src\main\AndroidManifest.xml:51:13-41
intent-filter#action:name:android.intent.action.MAIN+category:name:android.intent.category.LAUNCHER
ADDED from src\main\AndroidManifest.xml:55:13-58:29
action#android.intent.action.MAIN
ADDED from src\main\AndroidManifest.xml:56:17-69
	android:name
		ADDED from src\main\AndroidManifest.xml:56:25-66
category#android.intent.category.LAUNCHER
ADDED from src\main\AndroidManifest.xml:57:17-77
	android:name
		ADDED from src\main\AndroidManifest.xml:57:27-74
intent-filter#action:name:android.intent.action.SEARCH
ADDED from src\main\AndroidManifest.xml:60:13-62:29
action#android.intent.action.SEARCH
ADDED from src\main\AndroidManifest.xml:61:17-71
	android:name
		ADDED from src\main\AndroidManifest.xml:61:25-68
meta-data#android.app.searchable
ADDED from src\main\AndroidManifest.xml:64:13-66:54
	android:resource
		ADDED from src\main\AndroidManifest.xml:66:17-51
	android:name
		ADDED from src\main\AndroidManifest.xml:65:17-54
intent-filter#action:name:com.google.android.gm.action.AUTO_SEND+category:name:android.intent.category.DEFAULT+data:mimeType:*/*
ADDED from src\main\AndroidManifest.xml:68:13-74:29
action#com.google.android.gm.action.AUTO_SEND
ADDED from src\main\AndroidManifest.xml:69:17-81
	android:name
		ADDED from src\main\AndroidManifest.xml:69:25-78
category#android.intent.category.DEFAULT
ADDED from src\main\AndroidManifest.xml:71:17-76
	android:name
		ADDED from src\main\AndroidManifest.xml:71:27-73
data
ADDED from src\main\AndroidManifest.xml:73:17-48
	android:scheme
		ADDED from src\main\AndroidManifest.xml:96:23-47
	android:mimeType
		ADDED from src\main\AndroidManifest.xml:73:23-45
intent-filter#action:name:android.intent.action.SEND+category:name:android.intent.category.DEFAULT+data:mimeType:*/*
ADDED from src\main\AndroidManifest.xml:75:13-81:29
action#android.intent.action.SEND
ADDED from src\main\AndroidManifest.xml:76:17-69
	android:name
		ADDED from src\main\AndroidManifest.xml:76:25-66
intent-filter#action:name:android.intent.action.SEND_MULTIPLE+category:name:android.intent.category.DEFAULT+data:mimeType:*/*
ADDED from src\main\AndroidManifest.xml:82:13-88:29
action#android.intent.action.SEND_MULTIPLE
ADDED from src\main\AndroidManifest.xml:83:17-78
	android:name
		ADDED from src\main\AndroidManifest.xml:83:25-75
intent-filter#action:name:android.intent.action.VIEW+category:name:android.intent.category.BROWSABLE+category:name:android.intent.category.DEFAULT+data:scheme:hashtag
ADDED from src\main\AndroidManifest.xml:90:13-97:29
action#android.intent.action.VIEW
ADDED from src\main\AndroidManifest.xml:91:17-69
	android:name
		ADDED from src\main\AndroidManifest.xml:91:25-66
category#android.intent.category.BROWSABLE
ADDED from src\main\AndroidManifest.xml:94:17-78
	android:name
		ADDED from src\main\AndroidManifest.xml:94:27-75
activity#developer.elkane.udacity.wizflow.GalleryActivity
ADDED from src\main\AndroidManifest.xml:102:9-106:67
	android:supportsRtl
		ADDED from src\main\AndroidManifest.xml:105:13-39
	android:configChanges
		ADDED from src\main\AndroidManifest.xml:104:13-74
	android:theme
		ADDED from src\main\AndroidManifest.xml:106:13-64
	android:name
		ADDED from src\main\AndroidManifest.xml:103:13-76
activity#developer.elkane.udacity.wizflow.CategoryActivity
ADDED from src\main\AndroidManifest.xml:108:9-116:20
	android:parentActivityName
		ADDED from src\main\AndroidManifest.xml:111:13-87
	android:label
		ADDED from src\main\AndroidManifest.xml:110:13-60
	android:theme
		ADDED from src\main\AndroidManifest.xml:112:13-64
	android:name
		ADDED from src\main\AndroidManifest.xml:109:13-77
meta-data#android.support.PARENT_ACTIVITY
ADDED from src\main\AndroidManifest.xml:113:13-115:49
	android:value
		ADDED from src\main\AndroidManifest.xml:115:17-46
	android:name
		ADDED from src\main\AndroidManifest.xml:114:17-63
activity#developer.elkane.udacity.wizflow.SettingsActivity
ADDED from src\main\AndroidManifest.xml:119:9-127:20
	android:parentActivityName
		ADDED from src\main\AndroidManifest.xml:122:13-87
	android:label
		ADDED from src\main\AndroidManifest.xml:121:13-45
	android:theme
		ADDED from src\main\AndroidManifest.xml:123:13-52
	android:name
		ADDED from src\main\AndroidManifest.xml:120:13-77
activity#developer.elkane.udacity.wizflow.PasswordActivity
ADDED from src\main\AndroidManifest.xml:130:9-133:70
	android:windowSoftInputMode
		ADDED from src\main\AndroidManifest.xml:133:13-67
	android:theme
		ADDED from src\main\AndroidManifest.xml:132:13-61
	android:name
		ADDED from src\main\AndroidManifest.xml:131:13-77
activity#developer.elkane.udacity.wizflow.SnoozeActivity
ADDED from src\main\AndroidManifest.xml:138:9-143:61
	android:excludeFromRecents
		ADDED from src\main\AndroidManifest.xml:140:13-46
	android:launchMode
		ADDED from src\main\AndroidManifest.xml:141:13-48
	android:noHistory
		ADDED from src\main\AndroidManifest.xml:142:13-37
	android:theme
		ADDED from src\main\AndroidManifest.xml:143:13-58
	android:name
		ADDED from src\main\AndroidManifest.xml:139:13-75
activity#developer.elkane.udacity.wizflow.ShortcutActivity
ADDED from src\main\AndroidManifest.xml:146:9-151:20
	android:name
		ADDED from src\main\AndroidManifest.xml:146:19-83
intent-filter#action:name:android.intent.action.CREATE_SHORTCUT+category:name:android.intent.category.DEFAULT
ADDED from src\main\AndroidManifest.xml:147:13-150:29
action#android.intent.action.CREATE_SHORTCUT
ADDED from src\main\AndroidManifest.xml:148:17-80
	android:name
		ADDED from src\main\AndroidManifest.xml:148:25-77
activity#developer.elkane.udacity.wizflow.StatsActivity
ADDED from src\main\AndroidManifest.xml:154:9-156:67
	android:theme
		ADDED from src\main\AndroidManifest.xml:156:13-64
	android:name
		ADDED from src\main\AndroidManifest.xml:155:13-74
activity#developer.elkane.udacity.wizflow.NoteInfosActivity
ADDED from src\main\AndroidManifest.xml:157:9-159:67
	android:theme
		ADDED from src\main\AndroidManifest.xml:159:13-64
	android:name
		ADDED from src\main\AndroidManifest.xml:158:13-78
activity#org.acra.CrashReportDialog
ADDED from src\main\AndroidManifest.xml:162:9-167:61
	android:excludeFromRecents
		ADDED from src\main\AndroidManifest.xml:164:13-46
	android:launchMode
		ADDED from src\main\AndroidManifest.xml:166:13-48
	android:theme
		ADDED from src\main\AndroidManifest.xml:167:13-58
	android:finishOnTaskLaunch
		ADDED from src\main\AndroidManifest.xml:165:13-46
	android:name
		ADDED from src\main\AndroidManifest.xml:163:13-54
receiver#developer.elkane.udacity.wizflow.receiver.AlarmReceiver
ADDED from src\main\AndroidManifest.xml:170:9-92
	android:name
		ADDED from src\main\AndroidManifest.xml:170:19-89
receiver#developer.elkane.udacity.wizflow.receiver.BootCompleteReceiver
ADDED from src\main\AndroidManifest.xml:173:9-182:20
	android:enabled
		ADDED from src\main\AndroidManifest.xml:175:13-35
	android:label
		ADDED from src\main\AndroidManifest.xml:177:13-49
	android:exported
		ADDED from src\main\AndroidManifest.xml:176:13-37
	android:permission
		ADDED from src\main\AndroidManifest.xml:178:13-75
	android:name
		ADDED from src\main\AndroidManifest.xml:174:13-90
intent-filter#action:name:android.intent.action.BOOT_COMPLETED
ADDED from src\main\AndroidManifest.xml:179:13-181:29
action#android.intent.action.BOOT_COMPLETED
ADDED from src\main\AndroidManifest.xml:180:17-79
	android:name
		ADDED from src\main\AndroidManifest.xml:180:25-76
service#developer.elkane.udacity.wizflow.async.AlarmRestoreOnRebootService
ADDED from src\main\AndroidManifest.xml:185:9-102
	android:name
		ADDED from src\main\AndroidManifest.xml:185:18-99
service#developer.elkane.udacity.wizflow.services.NotificationListener
ADDED from src\main\AndroidManifest.xml:188:9-195:19
	android:label
		ADDED from src\main\AndroidManifest.xml:190:13-45
	android:permission
		ADDED from src\main\AndroidManifest.xml:191:13-87
	android:name
		ADDED from src\main\AndroidManifest.xml:189:13-58
intent-filter#action:name:android.service.notification.NotificationListenerService
ADDED from src\main\AndroidManifest.xml:192:13-194:29
action#android.service.notification.NotificationListenerService
ADDED from src\main\AndroidManifest.xml:193:17-99
	android:name
		ADDED from src\main\AndroidManifest.xml:193:25-96
service#developer.elkane.udacity.wizflow.async.DataBackupIntentService
ADDED from src\main\AndroidManifest.xml:198:9-98
	android:name
		ADDED from src\main\AndroidManifest.xml:198:18-95
activity#developer.elkane.udacity.wizflow.widget.WidgetConfigurationActivity
ADDED from src\main\AndroidManifest.xml:201:9-207:20
	android:theme
		ADDED from src\main\AndroidManifest.xml:203:13-64
	android:name
		ADDED from src\main\AndroidManifest.xml:202:13-95
intent-filter#action:name:android.appwidget.action.APPWIDGET_CONFIGURE
ADDED from src\main\AndroidManifest.xml:204:13-206:29
action#android.appwidget.action.APPWIDGET_CONFIGURE
ADDED from src\main\AndroidManifest.xml:205:17-87
	android:name
		ADDED from src\main\AndroidManifest.xml:205:25-84
receiver#developer.elkane.udacity.wizflow.widget.SimpleWidgetProvider
ADDED from src\main\AndroidManifest.xml:210:9-222:20
	android:label
		ADDED from src\main\AndroidManifest.xml:214:13-45
	android:icon
		ADDED from src\main\AndroidManifest.xml:213:13-42
	android:description
		ADDED from src\main\AndroidManifest.xml:212:13-68
	android:name
		ADDED from src\main\AndroidManifest.xml:211:13-88
intent-filter#action:name:android.appwidget.action.APPWIDGET_UPDATE
ADDED from src\main\AndroidManifest.xml:215:13-217:29
action#android.appwidget.action.APPWIDGET_UPDATE
ADDED from src\main\AndroidManifest.xml:216:17-84
	android:name
		ADDED from src\main\AndroidManifest.xml:216:25-81
meta-data#android.appwidget.provider
ADDED from src\main\AndroidManifest.xml:219:13-221:60
	android:resource
		ADDED from src\main\AndroidManifest.xml:221:17-57
	android:name
		ADDED from src\main\AndroidManifest.xml:220:17-58
receiver#developer.elkane.udacity.wizflow.widget.ListWidgetProvider
ADDED from src\main\AndroidManifest.xml:224:9-236:20
	android:label
		ADDED from src\main\AndroidManifest.xml:228:13-45
	android:icon
		ADDED from src\main\AndroidManifest.xml:227:13-42
	android:description
		ADDED from src\main\AndroidManifest.xml:226:13-66
	android:name
		ADDED from src\main\AndroidManifest.xml:225:13-86
service#developer.elkane.udacity.wizflow.widget.ListWidgetService
ADDED from src\main\AndroidManifest.xml:238:9-240:72
	android:permission
		ADDED from src\main\AndroidManifest.xml:240:13-69
	android:name
		ADDED from src\main\AndroidManifest.xml:239:13-85
service#developer.elkane.udacity.wizflow.extensions.ONDashClockExtension
ADDED from src\main\AndroidManifest.xml:243:9-261:19
	android:label
		ADDED from src\main\AndroidManifest.xml:246:13-45
	android:permission
		ADDED from src\main\AndroidManifest.xml:247:13-98
	android:icon
		ADDED from src\main\AndroidManifest.xml:245:13-58
	android:name
		ADDED from src\main\AndroidManifest.xml:244:13-60
intent-filter#action:name:com.google.android.apps.dashclock.Extension
ADDED from src\main\AndroidManifest.xml:248:13-250:29
action#com.google.android.apps.dashclock.Extension
ADDED from src\main\AndroidManifest.xml:249:17-86
	android:name
		ADDED from src\main\AndroidManifest.xml:249:25-83
meta-data#protocolVersion
ADDED from src\main\AndroidManifest.xml:252:13-254:37
	android:value
		ADDED from src\main\AndroidManifest.xml:254:17-34
	android:name
		ADDED from src\main\AndroidManifest.xml:253:17-47
meta-data#worldReadable
ADDED from src\main\AndroidManifest.xml:255:13-257:40
	android:value
		ADDED from src\main\AndroidManifest.xml:257:17-37
	android:name
		ADDED from src\main\AndroidManifest.xml:256:17-45
meta-data#description
ADDED from src\main\AndroidManifest.xml:258:13-260:65
	android:value
		ADDED from src\main\AndroidManifest.xml:260:17-62
	android:name
		ADDED from src\main\AndroidManifest.xml:259:17-43
service#developer.elkane.udacity.wizflow.extensions.PushBulletExtension
ADDED from src\main\AndroidManifest.xml:263:9-272:19
	android:permission
		ADDED from src\main\AndroidManifest.xml:265:13-97
	android:name
		ADDED from src\main\AndroidManifest.xml:264:13-91
intent-filter#action:name:com.pushbullet.android.extension.MessagingExtension
ADDED from src\main\AndroidManifest.xml:266:13-268:29
action#com.pushbullet.android.extension.MessagingExtension
ADDED from src\main\AndroidManifest.xml:267:17-94
	android:name
		ADDED from src\main\AndroidManifest.xml:267:25-91
uses-sdk
INJECTED from src\main\AndroidManifest.xml reason: use-sdk injection requested
INJECTED from src\main\AndroidManifest.xml
INJECTED from src\main\AndroidManifest.xml
MERGED from [be.billington.calendar.recurrencepicker:library:1.1.1] AndroidManifest.xml:4:5-73
MERGED from [be.billington.calendar.recurrencepicker:library:1.1.1] AndroidManifest.xml:4:5-73
MERGED from [com.github.flavienlaurent.datetimepicker:library:0.0.2] AndroidManifest.xml:3:5-72
MERGED from [com.github.flavienlaurent.datetimepicker:library:0.0.2] AndroidManifest.xml:3:5-72
MERGED from [com.larswerkman:HoloColorPicker:1.4] AndroidManifest.xml:3:5-72
MERGED from [com.larswerkman:HoloColorPicker:1.4] AndroidManifest.xml:3:5-72
MERGED from [de.keyboardsurfer.android.widget:crouton:1.8.4] AndroidManifest.xml:16:5-72
MERGED from [de.keyboardsurfer.android.widget:crouton:1.8.4] AndroidManifest.xml:16:5-72
MERGED from [ch.acra:acra:4.8.5] AndroidManifest.xml:37:5-72